2025-04-15 13:32:06,383 - INFO - Firebase initialized successfully
2025-04-15 13:32:08,545 - INFO - Successfully sent daily meal notification
2025-04-15 18:32:22,808 - INFO - Firebase initialized successfully
2025-04-15 18:32:24,965 - INFO - Successfully sent daily meal notification
2025-04-16 21:56:34,021 - INFO - Firebase initialized successfully
2025-04-16 21:56:35,810 - INFO - Successfully sent daily meal notification
2025-04-16 21:59:17,989 - INFO - Firebase initialized successfully
2025-04-16 21:59:19,385 - INFO - Successfully sent daily meal notification
2025-05-10 11:46:29,098 - INFO - Firebase initialized successfully
2025-05-10 11:46:29,606 - INFO - No meal plan found for May 05, 2025 - May 11, 2025
2025-05-10 11:47:34,315 - INFO - Firebase initialized successfully
2025-05-10 11:47:34,694 - INFO - No meal plan found for May 05, 2025 - May 11, 2025
2025-05-10 11:48:23,227 - INFO - Firebase initialized successfully
2025-05-10 11:48:23,449 - INFO - No meal plan found for May 05, 2025 - May 11, 2025
2025-05-10 11:49:05,746 - INFO - Firebase initialized successfully
2025-05-10 11:49:06,069 - INFO - No meal plan found for May 05, 2025 - May 11, 2025
2025-05-10 11:49:42,519 - INFO - Firebase initialized successfully
2025-05-10 11:49:42,782 - INFO - No meal plan found for May 05, 2025 - May 11, 2025
2025-05-10 11:50:25,495 - INFO - Firebase initialized successfully
2025-05-10 11:51:51,913 - INFO - Firebase initialized successfully
2025-05-10 11:52:06,282 - INFO - Firebase initialized successfully
2025-05-10 11:52:06,607 - INFO - No meal plan found for May 05, 2025 - May 11, 2025
2025-05-10 11:57:59,893 - INFO - Firebase initialized successfully
2025-05-10 11:58:42,737 - INFO - Firebase initialized successfully
2025-05-10 11:58:42,943 - INFO - No meal plan found for May 05, 2025 - May 11, 2025
2025-05-10 12:02:02,481 - INFO - Firebase initialized successfully
2025-05-10 12:02:03,914 - INFO - Successfully sent daily meal notification
2025-05-10 12:10:51,043 - INFO - Firebase initialized successfully
2025-05-10 12:11:05,893 - INFO - Firebase initialized successfully
2025-05-10 12:11:53,717 - INFO - Firebase initialized successfully
2025-05-10 12:20:35,708 - INFO - Firebase initialized successfully
2025-05-10 12:20:36,543 - INFO - Successfully sent daily meal notification
2025-05-12 16:54:32,639 - INFO - Firebase initialized successfully
2025-05-12 16:54:53,852 - INFO - Firebase initialized successfully
2025-05-12 17:00:07,073 - INFO - Firebase initialized successfully
2025-05-12 17:00:09,997 - INFO - Successfully sent daily meal notification
2025-05-12 17:01:58,403 - INFO - Firebase initialized successfully
2025-05-12 17:02:00,873 - INFO - Successfully sent daily meal notification
2025-07-12 19:55:34,096 - INFO - Firebase initialized successfully
2025-07-12 19:55:36,389 - ERROR - Error getting meal information: list index out of range
2025-07-12 19:55:37,201 - INFO - Successfully sent daily meal notification
2025-07-12 20:00:21,712 - INFO - Firebase initialized successfully
2025-07-12 20:02:28,691 - INFO - Firebase initialized successfully
2025-07-12 20:04:24,971 - INFO - Firebase initialized successfully
2025-07-12 20:07:11,861 - INFO - Firebase initialized successfully
2025-07-12 20:07:35,832 - INFO - Firebase initialized successfully
2025-07-12 20:07:38,123 - INFO - No meal planned for Saturday, July 12, 2025
2025-07-12 20:07:38,952 - INFO - Successfully sent daily meal notification
2025-07-12 20:08:42,844 - INFO - Firebase initialized successfully
2025-07-12 20:08:44,730 - INFO - No meal planned for Saturday, July 12, 2025
2025-07-12 20:08:45,463 - INFO - Successfully sent daily meal notification
